2020-06-28 23:34:59.052 INFO  (main) [   ] o.e.j.u.log Logging initialized @9861ms to org.eclipse.jetty.util.log.Slf4jLog
2020-06-28 23:35:01.582 WARN  (main) [   ] o.e.j.s.AbstractConnector Ignoring deprecated socket close linger time
2020-06-28 23:35:01.672 INFO  (main) [   ] o.e.j.s.Server jetty-9.4.14.v20181114; built: 2018-11-14T21:20:31.478Z; git: c4550056e785fb5665914545889f21dc136ad9e6; jvm 1.8.0_251-b08
2020-06-28 23:35:01.793 INFO  (main) [   ] o.e.j.d.p.ScanningAppProvider Deployment monitor [file:///C:/Users/moham/Desktop/Mini_Projet/Search_Engine_Solr/solr-8.0.0/server/contexts/] at interval 0
2020-06-28 23:35:03.735 INFO  (main) [   ] o.e.j.w.StandardDescriptorProcessor NO JSP Support for /solr, did not find org.apache.jasper.servlet.JspServlet
2020-06-28 23:35:03.816 INFO  (main) [   ] o.e.j.s.session DefaultSessionIdManager workerName=node0
2020-06-28 23:35:03.816 INFO  (main) [   ] o.e.j.s.session No SessionScavenger set, using defaults
2020-06-28 23:35:03.851 INFO  (main) [   ] o.e.j.s.session node0 Scavenging every 600000ms
2020-06-28 23:35:04.240 INFO  (main) [   ] o.a.s.u.c.SSLCredentialProviderFactory Processing SSL Credential Provider chain: env;sysprop
2020-06-28 23:35:04.398 INFO  (main) [   ] o.a.s.s.SolrDispatchFilter Using logger factory org.apache.logging.slf4j.Log4jLoggerFactory
2020-06-28 23:35:04.449 INFO  (main) [   ] o.a.s.s.SolrDispatchFilter  ___      _       Welcome to Apache Solr™ version 8.0.0
2020-06-28 23:35:04.450 INFO  (main) [   ] o.a.s.s.SolrDispatchFilter / __| ___| |_ _   Starting in standalone mode on port 8983
2020-06-28 23:35:04.450 INFO  (main) [   ] o.a.s.s.SolrDispatchFilter \__ \/ _ \ | '_|  Install dir: C:\Users\moham\Desktop\Mini_Projet\Search_Engine_Solr\solr-8.0.0
2020-06-28 23:35:04.465 INFO  (main) [   ] o.a.s.s.SolrDispatchFilter |___/\___/_|_|    Start time: 2020-06-28T23:35:04.465Z
2020-06-28 23:35:04.871 INFO  (main) [   ] o.a.s.c.SolrResourceLoader Using system property solr.solr.home: C:\Users\moham\Desktop\Mini_Projet\Search_Engine_Solr\solr-8.0.0\server\solr
2020-06-28 23:35:04.974 INFO  (main) [   ] o.a.s.c.SolrXmlConfig Loading container configuration from C:\Users\moham\Desktop\Mini_Projet\Search_Engine_Solr\solr-8.0.0\server\solr\solr.xml
2020-06-28 23:35:05.815 INFO  (main) [   ] o.a.s.c.SolrXmlConfig MBean server found: com.sun.jmx.mbeanserver.JmxMBeanServer@797badd3, but no JMX reporters were configured - adding default JMX reporter.
2020-06-28 23:35:06.705 INFO  (main) [   ] o.a.s.c.SolrResourceLoader [null] Added 1 libs to classloader, from paths: [/C:/Users/moham/Desktop/Mini_Projet/Search_Engine_Solr/solr-8.0.0/server/solr/lib]
2020-06-28 23:35:08.258 INFO  (main) [   ] o.a.s.h.c.HttpShardHandlerFactory Host whitelist initialized: WhitelistHostChecker [whitelistHosts=null, whitelistHostCheckingEnabled=true]
2020-06-28 23:35:11.294 WARN  (main) [   ] o.e.j.u.s.S.config No Client EndPointIdentificationAlgorithm configured for SslContextFactory@1755e85b[provider=null,keyStore=null,trustStore=null]
2020-06-28 23:35:11.650 WARN  (main) [   ] o.e.j.u.s.S.config No Client EndPointIdentificationAlgorithm configured for SslContextFactory@5ad10c1a[provider=null,keyStore=null,trustStore=null]
2020-06-28 23:35:17.317 INFO  (main) [   ] o.a.s.c.TransientSolrCoreCacheDefault Allocating transient cache for 2147483647 transient cores
2020-06-28 23:35:17.319 INFO  (main) [   ] o.a.s.h.a.MetricsHistoryHandler No .system collection, keeping metrics history in memory.
2020-06-28 23:35:17.592 INFO  (main) [   ] o.a.s.m.r.SolrJmxReporter JMX monitoring for 'solr.node' (registry 'solr.node') enabled at server: com.sun.jmx.mbeanserver.JmxMBeanServer@797badd3
2020-06-28 23:35:17.596 INFO  (main) [   ] o.a.s.m.r.SolrJmxReporter JMX monitoring for 'solr.jvm' (registry 'solr.jvm') enabled at server: com.sun.jmx.mbeanserver.JmxMBeanServer@797badd3
2020-06-28 23:35:17.608 INFO  (main) [   ] o.a.s.m.r.SolrJmxReporter JMX monitoring for 'solr.jetty' (registry 'solr.jetty') enabled at server: com.sun.jmx.mbeanserver.JmxMBeanServer@797badd3
2020-06-28 23:35:17.795 INFO  (main) [   ] o.a.s.c.CorePropertiesLocator Found 1 core definitions underneath C:\Users\moham\Desktop\Mini_Projet\Search_Engine_Solr\solr-8.0.0\server\solr
2020-06-28 23:35:17.796 INFO  (main) [   ] o.a.s.c.CorePropertiesLocator Cores are: [FileCollection]
2020-06-28 23:35:19.218 INFO  (coreLoadExecutor-9-thread-1) [   x:FileCollection] o.a.s.c.SolrResourceLoader [FileCollection] Added 103 libs to classloader, from paths: [/C:/Users/moham/Desktop/Mini_Projet/Search_Engine_Solr/solr-8.0.0/contrib/clustering/lib, /C:/Users/moham/Desktop/Mini_Projet/Search_Engine_Solr/solr-8.0.0/contrib/extraction/lib, /C:/Users/moham/Desktop/Mini_Projet/Search_Engine_Solr/solr-8.0.0/contrib/langid/lib, /C:/Users/moham/Desktop/Mini_Projet/Search_Engine_Solr/solr-8.0.0/contrib/velocity/lib, /C:/Users/moham/Desktop/Mini_Projet/Search_Engine_Solr/solr-8.0.0/dist]
2020-06-28 23:35:22.595 INFO  (coreLoadExecutor-9-thread-1) [   x:FileCollection] o.a.s.c.SolrConfig Using Lucene MatchVersion: 8.0.0
2020-06-28 23:35:23.156 INFO  (coreLoadExecutor-9-thread-1) [   x:FileCollection] o.a.s.s.IndexSchema [FileCollection] Schema name=default-config
2020-06-28 23:35:25.391 INFO  (main) [   ] o.e.j.s.h.ContextHandler Started o.e.j.w.WebAppContext@610f7aa{/solr,file:///C:/Users/moham/Desktop/Mini_Projet/Search_Engine_Solr/solr-8.0.0/server/solr-webapp/webapp/,AVAILABLE}{C:\Users\moham\Desktop\Mini_Projet\Search_Engine_Solr\solr-8.0.0\server/solr-webapp/webapp}
2020-06-28 23:35:25.428 INFO  (main) [   ] o.e.j.s.AbstractConnector Started ServerConnector@182b435b{HTTP/1.1,[http/1.1, h2c]}{0.0.0.0:8983}
2020-06-28 23:35:25.428 INFO  (main) [   ] o.e.j.s.Server Started @36240ms
2020-06-28 23:35:25.611 INFO  (coreLoadExecutor-9-thread-1) [   x:FileCollection] o.a.s.s.IndexSchema Loaded schema default-config/1.6 with uniqueid field id
2020-06-28 23:35:25.857 INFO  (coreLoadExecutor-9-thread-1) [   x:FileCollection] o.a.s.c.CoreContainer Creating SolrCore 'FileCollection' using configuration from instancedir C:\Users\moham\Desktop\Mini_Projet\Search_Engine_Solr\solr-8.0.0\server\solr\FileCollection, trusted=true
2020-06-28 23:35:26.078 INFO  (coreLoadExecutor-9-thread-1) [   x:FileCollection] o.a.s.m.r.SolrJmxReporter JMX monitoring for 'solr.core.FileCollection' (registry 'solr.core.FileCollection') enabled at server: com.sun.jmx.mbeanserver.JmxMBeanServer@797badd3
2020-06-28 23:35:26.207 INFO  (coreLoadExecutor-9-thread-1) [   x:FileCollection] o.a.s.c.SolrCore [[FileCollection] ] Opening new SolrCore at [C:\Users\moham\Desktop\Mini_Projet\Search_Engine_Solr\solr-8.0.0\server\solr\FileCollection], dataDir=[C:\Users\moham\Desktop\Mini_Projet\Search_Engine_Solr\solr-8.0.0\server\solr\FileCollection\data\]
2020-06-28 23:35:26.399 INFO  (coreLoadExecutor-9-thread-1) [   x:FileCollection] o.a.s.r.XSLTResponseWriter xsltCacheLifetimeSeconds=5
2020-06-28 23:35:30.254 INFO  (qtp349420578-19) [   ] o.a.s.s.HttpSolrCall [admin] webapp=null path=/admin/info/system params={wt=json} status=0 QTime=93
2020-06-28 23:35:32.762 INFO  (coreLoadExecutor-9-thread-1) [   x:FileCollection] o.a.s.u.UpdateHandler Using UpdateLog implementation: org.apache.solr.update.UpdateLog
2020-06-28 23:35:32.766 INFO  (coreLoadExecutor-9-thread-1) [   x:FileCollection] o.a.s.u.UpdateLog Initializing UpdateLog: dataDir= defaultSyncLevel=FLUSH numRecordsToKeep=100 maxNumLogsToKeep=10 numVersionBuckets=65536
2020-06-28 23:35:33.312 INFO  (coreLoadExecutor-9-thread-1) [   x:FileCollection] o.a.s.u.CommitTracker Hard AutoCommit: if uncommitted for 15000ms; 
2020-06-28 23:35:33.312 INFO  (coreLoadExecutor-9-thread-1) [   x:FileCollection] o.a.s.u.CommitTracker Soft AutoCommit: disabled
2020-06-28 23:35:34.051 INFO  (coreLoadExecutor-9-thread-1) [   x:FileCollection] o.a.s.s.SolrIndexSearcher Opening [Searcher@618e853f[FileCollection] main]
2020-06-28 23:35:34.086 INFO  (coreLoadExecutor-9-thread-1) [   x:FileCollection] o.a.s.r.ManagedResourceStorage File-based storage initialized to use dir: C:\Users\moham\Desktop\Mini_Projet\Search_Engine_Solr\solr-8.0.0\server\solr\FileCollection\conf
2020-06-28 23:35:34.341 INFO  (coreLoadExecutor-9-thread-1) [   x:FileCollection] o.a.s.h.c.SpellCheckComponent Initializing spell checkers
2020-06-28 23:35:34.351 INFO  (coreLoadExecutor-9-thread-1) [   x:FileCollection] o.a.s.s.DirectSolrSpellChecker init: {name=default,field=_text_,classname=solr.DirectSolrSpellChecker,distanceMeasure=internal,accuracy=0.5,maxEdits=2,minPrefix=1,maxInspections=5,minQueryLength=4,maxQueryFrequency=0.01}
2020-06-28 23:35:34.369 INFO  (coreLoadExecutor-9-thread-1) [   x:FileCollection] o.a.s.h.ReplicationHandler Commits will be reserved for 10000ms.
2020-06-28 23:35:34.399 INFO  (searcherExecutor-10-thread-1-processing-x:FileCollection) [   x:FileCollection] o.a.s.c.QuerySenderListener QuerySenderListener sending requests to Searcher@618e853f[FileCollection] main{ExitableDirectoryReader(UninvertingDirectoryReader(Uninverting(_uq(8.0.0):C8:[diagnostics={java.runtime.version=1.8.0_251-b08, java.vendor=Oracle Corporation, java.version=1.8.0_251, java.vm.version=25.251-b08, lucene.version=8.0.0, os=Windows 10, os.arch=amd64, os.version=10.0, source=flush, timestamp=1593377427764}]:[attributes={Lucene50StoredFieldsFormat.mode=BEST_SPEED}])))}
2020-06-28 23:35:34.400 INFO  (searcherExecutor-10-thread-1-processing-x:FileCollection) [   x:FileCollection] o.a.s.c.QuerySenderListener QuerySenderListener done.
2020-06-28 23:35:34.400 INFO  (searcherExecutor-10-thread-1-processing-x:FileCollection) [   x:FileCollection] o.a.s.h.c.SpellCheckComponent Loading spell index for spellchecker: default
2020-06-28 23:35:34.408 INFO  (searcherExecutor-10-thread-1-processing-x:FileCollection) [   x:FileCollection] o.a.s.c.SolrCore [FileCollection] Registered new searcher Searcher@618e853f[FileCollection] main{ExitableDirectoryReader(UninvertingDirectoryReader(Uninverting(_uq(8.0.0):C8:[diagnostics={java.runtime.version=1.8.0_251-b08, java.vendor=Oracle Corporation, java.version=1.8.0_251, java.vm.version=25.251-b08, lucene.version=8.0.0, os=Windows 10, os.arch=amd64, os.version=10.0, source=flush, timestamp=1593377427764}]:[attributes={Lucene50StoredFieldsFormat.mode=BEST_SPEED}])))}
2020-06-28 23:37:38.008 INFO  (qtp349420578-23) [   x:FileCollection] o.a.s.h.d.DataImporter Loading DIH Configuration: db-data-config.xml
2020-06-28 23:37:38.070 INFO  (qtp349420578-23) [   x:FileCollection] o.a.s.h.d.c.DIHConfiguration id is a required field in SolrSchema . But not found in DataConfig
2020-06-28 23:37:38.070 INFO  (qtp349420578-23) [   x:FileCollection] o.a.s.h.d.DataImporter Data Configuration loaded successfully
2020-06-28 23:37:38.111 INFO  (qtp349420578-23) [   x:FileCollection] o.a.s.c.S.Request [FileCollection]  webapp=/solr path=/dataimport params={command=full-import} status=0 QTime=128
2020-06-28 23:37:38.111 INFO  (Thread-14) [   ] o.a.s.h.d.DataImporter Starting Full Import
2020-06-28 23:37:38.137 INFO  (Thread-14) [   ] o.a.s.h.d.SimplePropertiesWriter Read dataimport.properties
2020-06-28 23:37:38.615 INFO  (Thread-14) [   ] o.a.s.s.SolrIndexSearcher Opening [Searcher@5ae5f876[FileCollection] realtime]
2020-06-28 23:37:39.111 INFO  (Thread-14) [   ] o.a.s.h.d.JdbcDataSource Creating a connection for entity search with URL: jdbc:mysql://localhost:3306/laravel?serverTimezone=UTC
2020-06-28 23:37:39.930 INFO  (Thread-14) [   ] o.a.s.h.d.JdbcDataSource Time taken for getConnection(): 818
2020-06-28 23:37:39.987 INFO  (Thread-14) [   ] o.a.s.h.d.JdbcDataSource Creating a connection for entity user with URL: jdbc:mysql://localhost:3306/laravel?serverTimezone=UTC
2020-06-28 23:37:40.008 INFO  (Thread-14) [   ] o.a.s.h.d.JdbcDataSource Time taken for getConnection(): 21
2020-06-28 23:37:46.036 INFO  (Thread-14) [   ] o.a.p.p.f.PDCIDFontType2 OpenType Layout tables used in font Arial,Bold are not implemented in PDFBox and will be ignored
2020-06-28 23:37:46.053 INFO  (Thread-14) [   ] o.a.p.p.f.PDCIDFontType2 OpenType Layout tables used in font Arial are not implemented in PDFBox and will be ignored
2020-06-28 23:37:46.060 INFO  (Thread-14) [   ] o.a.p.p.f.PDCIDFontType2 OpenType Layout tables used in font ABCDEE+Calibri,Bold are not implemented in PDFBox and will be ignored
2020-06-28 23:37:46.998 INFO  (Thread-14) [   ] o.a.p.p.f.PDCIDFontType2 OpenType Layout tables used in font Arial are not implemented in PDFBox and will be ignored
2020-06-28 23:37:47.061 INFO  (Thread-14) [   ] o.a.p.p.f.PDCIDFontType2 OpenType Layout tables used in font ABCDEE+Calibri,Bold are not implemented in PDFBox and will be ignored
2020-06-28 23:37:47.076 INFO  (Thread-14) [   ] o.a.p.p.f.PDCIDFontType2 OpenType Layout tables used in font ABCDEE+MS PGothic are not implemented in PDFBox and will be ignored
2020-06-28 23:37:47.159 INFO  (Thread-14) [   ] o.a.p.p.f.PDCIDFontType2 OpenType Layout tables used in font Arial,Bold are not implemented in PDFBox and will be ignored
2020-06-28 23:37:47.412 INFO  (qtp349420578-18) [   x:FileCollection] o.a.s.c.S.Request [FileCollection]  webapp=/solr path=/dataimport params={command=full-import} status=0 QTime=0
2020-06-28 23:37:47.618 INFO  (Thread-14) [   ] o.a.p.p.f.PDCIDFontType2 OpenType Layout tables used in font Arial are not implemented in PDFBox and will be ignored
2020-06-28 23:37:47.658 INFO  (Thread-14) [   ] o.a.p.p.f.PDCIDFontType2 OpenType Layout tables used in font Arial,Bold are not implemented in PDFBox and will be ignored
2020-06-28 23:37:47.696 INFO  (qtp349420578-14) [   x:FileCollection] o.a.s.c.S.Request [FileCollection]  webapp=/solr path=/select params={q=text:*info*&start=0&sort=date_up+desc&rows=5&wt=php} hits=6 status=0 QTime=278
2020-06-28 23:37:48.197 INFO  (Thread-14) [   ] o.a.p.p.f.PDCIDFontType2 OpenType Layout tables used in font ABCDEE+Calibri,Bold are not implemented in PDFBox and will be ignored
2020-06-28 23:37:48.213 INFO  (Thread-14) [   ] o.a.p.p.f.PDCIDFontType2 OpenType Layout tables used in font Arial are not implemented in PDFBox and will be ignored
2020-06-28 23:37:48.322 INFO  (Thread-14) [   ] o.a.p.p.f.PDCIDFontType2 OpenType Layout tables used in font Arial,Bold are not implemented in PDFBox and will be ignored
2020-06-28 23:37:49.570 INFO  (Thread-14) [   ] o.a.p.p.f.PDCIDFontType2 OpenType Layout tables used in font ABCDEE+Verdana are not implemented in PDFBox and will be ignored
2020-06-28 23:37:49.627 INFO  (Thread-14) [   ] o.a.p.p.f.PDCIDFontType2 OpenType Layout tables used in font ABCDEE+Verdana,Italic are not implemented in PDFBox and will be ignored
2020-06-28 23:37:50.292 INFO  (Thread-14) [   ] o.a.p.p.f.PDCIDFontType2 OpenType Layout tables used in font ABCDEE+Verdana are not implemented in PDFBox and will be ignored
2020-06-28 23:37:50.342 INFO  (Thread-14) [   ] o.a.p.p.f.PDCIDFontType2 OpenType Layout tables used in font Arial are not implemented in PDFBox and will be ignored
2020-06-28 23:37:50.586 INFO  (qtp349420578-22) [   x:FileCollection] o.a.s.c.S.Request [FileCollection]  webapp=/solr path=/dataimport params={command=full-import} status=0 QTime=0
2020-06-28 23:37:50.595 INFO  (qtp349420578-18) [   x:FileCollection] o.a.s.c.S.Request [FileCollection]  webapp=/solr path=/select params={q=text:*info*&start=5&sort=date_up+desc&rows=5&wt=php} hits=6 status=0 QTime=4
2020-06-28 23:37:50.612 INFO  (Thread-14) [   ] o.a.s.h.d.DocBuilder Import completed successfully
2020-06-28 23:37:50.616 INFO  (Thread-14) [   ] o.a.s.u.DirectUpdateHandler2 start commit{_version_=1670787860388642816,optimize=false,openSearcher=true,waitSearcher=true,expungeDeletes=false,softCommit=false,prepareCommit=false}
2020-06-28 23:37:50.616 INFO  (Thread-14) [   ] o.a.s.u.SolrIndexWriter Calling setCommitData with IW:org.apache.solr.update.SolrIndexWriter@1ee46f7b commitCommandVersion:1670787860388642816
2020-06-28 23:37:52.421 INFO  (Thread-14) [   ] o.a.s.s.SolrIndexSearcher Opening [Searcher@454a1f21[FileCollection] main]
2020-06-28 23:37:52.470 INFO  (Thread-14) [   ] o.a.s.u.DirectUpdateHandler2 end_commit_flush
2020-06-28 23:37:52.470 INFO  (searcherExecutor-10-thread-1) [   ] o.a.s.c.QuerySenderListener QuerySenderListener sending requests to Searcher@454a1f21[FileCollection] main{ExitableDirectoryReader(UninvertingDirectoryReader(Uninverting(_ur(8.0.0):C8:[diagnostics={os=Windows 10, java.vendor=Oracle Corporation, java.version=1.8.0_251, java.vm.version=25.251-b08, lucene.version=8.0.0, os.arch=amd64, java.runtime.version=1.8.0_251-b08, source=flush, os.version=10.0, timestamp=1593387470801}]:[attributes={Lucene50StoredFieldsFormat.mode=BEST_SPEED}])))}
2020-06-28 23:37:52.471 INFO  (searcherExecutor-10-thread-1) [   ] o.a.s.c.QuerySenderListener QuerySenderListener done.
2020-06-28 23:37:52.509 INFO  (searcherExecutor-10-thread-1) [   ] o.a.s.c.SolrCore [FileCollection] Registered new searcher Searcher@454a1f21[FileCollection] main{ExitableDirectoryReader(UninvertingDirectoryReader(Uninverting(_ur(8.0.0):C8:[diagnostics={os=Windows 10, java.vendor=Oracle Corporation, java.version=1.8.0_251, java.vm.version=25.251-b08, lucene.version=8.0.0, os.arch=amd64, java.runtime.version=1.8.0_251-b08, source=flush, os.version=10.0, timestamp=1593387470801}]:[attributes={Lucene50StoredFieldsFormat.mode=BEST_SPEED}])))}
2020-06-28 23:37:52.531 INFO  (Thread-14) [   ] o.a.s.h.d.SimplePropertiesWriter Read dataimport.properties
2020-06-28 23:37:52.532 INFO  (Thread-14) [   ] o.a.s.h.d.SimplePropertiesWriter Wrote last indexed time to dataimport.properties
2020-06-28 23:37:52.533 INFO  (Thread-14) [   ] o.a.s.h.d.DocBuilder Time taken = 0:0:14.394
2020-06-28 23:37:52.533 INFO  (Thread-14) [   ] o.a.s.u.p.LogUpdateProcessorFactory [FileCollection]  webapp=/solr path=/dataimport params={command=full-import} status=0 QTime=128{deleteByQuery=*:* (-1670787847581335552),add=[1 (1670787853974503424), 2 (1670787856124084224), 3 (1670787856886398976), 4 (1670787857343578112), 5 (1670787857998938112), 7 (1670787858941607936), 8 (1670787859563413504), 9 (1670787860369768448)],commit=} 0 14550
